<?xml version="1.0" encoding="UTF-8"?>
<testsuite xmlns:xsi="http://www.w3.org/2001/XMLSchema-instance" xsi:noNamespaceSchemaLocation="https://maven.apache.org/surefire/maven-surefire-plugin/xsd/surefire-test-report-3.0.xsd" version="3.0" name="es.ies.puerto.repositories.ReservaRepositoryTest" time="0.004" tests="1" errors="0" skipped="0" failures="0">
  <properties>
[...]
</properties>
  <testcase name="findAllTest" classname="es.ies.puerto.repositories.ReservaRepositoryTest" time="0.004">
    <system-err><![CDATA[No se han encontrado los elementos
]]></system-err>
  </testcase>
</testsuite>